sample.interval=20000
"<Anonymous>" 
"grepl" "<Anonymous>" 
"all" "match.arg" "order" "sort.int" "sort.default" "sort" "as.factor" "split.default" "split" "Ops.numeric_version" ">=" "<Anonymous>" 
"class<-" ".rs.scalar" ".rs.lineDataList" "FUN" "lapply" ".rs.recordTraceback" "<Anonymous>" "function_list[[i]]" "freduce" "_fseq" "eval" "eval" "withVisible" "%>%" 
"unique.default" "unique" "sort" "id_var" "id" "splitter_d" "plyr::ddply" "function_list[[i]]" "freduce" "_fseq" "eval" "eval" "withVisible" "%>%" 
"sort.int" "sort.default" "sort" "id_var" "id" "splitter_d" "plyr::ddply" "function_list[[i]]" "freduce" "_fseq" "eval" "eval" "withVisible" "%>%" 
"sort.int" "sort.default" "sort" "id_var" "id" "splitter_d" "plyr::ddply" "function_list[[i]]" "freduce" "_fseq" "eval" "eval" "withVisible" "%>%" 
"sort.int" "sort.default" "sort" "id_var" "id" "splitter_d" "plyr::ddply" "function_list[[i]]" "freduce" "_fseq" "eval" "eval" "withVisible" "%>%" 
"sort.int" "sort.default" "sort" "id_var" "id" "splitter_d" "plyr::ddply" "function_list[[i]]" "freduce" "_fseq" "eval" "eval" "withVisible" "%>%" 
"unique.default" "unique" "order" "split_labels" "splitter_d" "plyr::ddply" "function_list[[i]]" "freduce" "_fseq" "eval" "eval" "withVisible" "%>%" 
"names" "names" "extract_rows" "[[.indexed_df" "[[" "<Anonymous>" ".Call" "loop_apply" "llply" "ldply" "plyr::ddply" "function_list[[i]]" "freduce" "_fseq" "eval" "eval" "withVisible" "%>%" 
"lapply" "extract_rows" "[[.indexed_df" "[[" "<Anonymous>" ".Call" "loop_apply" "llply" "ldply" "plyr::ddply" "function_list[[i]]" "freduce" "_fseq" "eval" "eval" "withVisible" "%>%" 
"make_names" "quickdf" ".fun" "<Anonymous>" ".Call" "loop_apply" "llply" "ldply" "plyr::ddply" "function_list[[i]]" "freduce" "_fseq" "eval" "eval" "withVisible" "%>%" 
"attr<-" "quickdf" ".fun" "<Anonymous>" ".Call" "loop_apply" "llply" "ldply" "plyr::ddply" "function_list[[i]]" "freduce" "_fseq" "eval" "eval" "withVisible" "%>%" 
"-" "quickdf" ".fun" "<Anonymous>" ".Call" "loop_apply" "llply" "ldply" "plyr::ddply" "function_list[[i]]" "freduce" "_fseq" "eval" "eval" "withVisible" "%>%" 
".fun" "<Anonymous>" ".Call" "loop_apply" "llply" "ldply" "plyr::ddply" "function_list[[i]]" "freduce" "_fseq" "eval" "eval" "withVisible" "%>%" 
"lapply" "extract_rows" "[[.indexed_df" "[[" "<Anonymous>" ".Call" "loop_apply" "llply" "ldply" "plyr::ddply" "function_list[[i]]" "freduce" "_fseq" "eval" "eval" "withVisible" "%>%" 
"FUN" "lapply" "extract_rows" "[[.indexed_df" "[[" "<Anonymous>" ".Call" "loop_apply" "llply" "ldply" "plyr::ddply" "function_list[[i]]" "freduce" "_fseq" "eval" "eval" "withVisible" "%>%" 
".subset" "FUN" "lapply" "extract_rows" "[[.indexed_df" "[[" "<Anonymous>" ".Call" "loop_apply" "llply" "ldply" "plyr::ddply" "function_list[[i]]" "freduce" "_fseq" "eval" "eval" "withVisible" "%>%" 
"stopifnot" "quickdf" ".fun" "<Anonymous>" ".Call" "loop_apply" "llply" "ldply" "plyr::ddply" "function_list[[i]]" "freduce" "_fseq" "eval" "eval" "withVisible" "%>%" 
"paste" "make_names" "quickdf" ".fun" "<Anonymous>" ".Call" "loop_apply" "llply" "ldply" "plyr::ddply" "function_list[[i]]" "freduce" "_fseq" "eval" "eval" "withVisible" "%>%" 
"parent.frame" "eval" ".fun" "<Anonymous>" ".Call" "loop_apply" "llply" "ldply" "plyr::ddply" "function_list[[i]]" "freduce" "_fseq" "eval" "eval" "withVisible" "%>%" 
"class<-" "quickdf" ".fun" "<Anonymous>" ".Call" "loop_apply" "llply" "ldply" "plyr::ddply" "function_list[[i]]" "freduce" "_fseq" "eval" "eval" "withVisible" "%>%" 
"FUN" "lapply" "unlist" "unique" "quickdf" ".fun" "<Anonymous>" ".Call" "loop_apply" "llply" "ldply" "plyr::ddply" "function_list[[i]]" "freduce" "_fseq" "eval" "eval" "withVisible" "%>%" 
"FUN" "lapply" "extract_rows" "[[.indexed_df" "[[" "<Anonymous>" ".Call" "loop_apply" "llply" "ldply" "plyr::ddply" "function_list[[i]]" "freduce" "_fseq" "eval" "eval" "withVisible" "%>%" 
".subset" "FUN" "lapply" "extract_rows" "[[.indexed_df" "[[" "<Anonymous>" ".Call" "loop_apply" "llply" "ldply" "plyr::ddply" "function_list[[i]]" "freduce" "_fseq" "eval" "eval" "withVisible" "%>%" 
"paste" "make_names" "quickdf" ".fun" "<Anonymous>" ".Call" "loop_apply" "llply" "ldply" "plyr::ddply" "function_list[[i]]" "freduce" "_fseq" "eval" "eval" "withVisible" "%>%" 
"<Anonymous>" ".Call" "loop_apply" "llply" "ldply" "plyr::ddply" "function_list[[i]]" "freduce" "_fseq" "eval" "eval" "withVisible" "%>%" 
"as.list" ".fun" "<Anonymous>" ".Call" "loop_apply" "llply" "ldply" "plyr::ddply" "function_list[[i]]" "freduce" "_fseq" "eval" "eval" "withVisible" "%>%" 
"unlist" "unique" "quickdf" ".fun" "<Anonymous>" ".Call" "loop_apply" "llply" "ldply" "plyr::ddply" "function_list[[i]]" "freduce" "_fseq" "eval" "eval" "withVisible" "%>%" 
"unique.default" "unique" "quickdf" ".fun" "<Anonymous>" ".Call" "loop_apply" "llply" "ldply" "plyr::ddply" "function_list[[i]]" "freduce" "_fseq" "eval" "eval" "withVisible" "%>%" 
"lapply" "extract_rows" "[[.indexed_df" "[[" "<Anonymous>" ".Call" "loop_apply" "llply" "ldply" "plyr::ddply" "function_list[[i]]" "freduce" "_fseq" "eval" "eval" "withVisible" "%>%" 
"make_names" "quickdf" ".fun" "<Anonymous>" ".Call" "loop_apply" "llply" "ldply" "plyr::ddply" "function_list[[i]]" "freduce" "_fseq" "eval" "eval" "withVisible" "%>%" 
"FUN" "lapply" "extract_rows" "[[.indexed_df" "[[" "<Anonymous>" ".Call" "loop_apply" "llply" "ldply" "plyr::ddply" "function_list[[i]]" "freduce" "_fseq" "eval" "eval" "withVisible" "%>%" 
"names" "names" "extract_rows" "[[.indexed_df" "[[" "<Anonymous>" ".Call" "loop_apply" "llply" "ldply" "plyr::ddply" "function_list[[i]]" "freduce" "_fseq" "eval" "eval" "withVisible" "%>%" 
"length" "dim.data.frame" "dim" "dim" "ncol" "extract_rows" "[[.indexed_df" "[[" "<Anonymous>" ".Call" "loop_apply" "llply" "ldply" "plyr::ddply" "function_list[[i]]" "freduce" "_fseq" "eval" "eval" "withVisible" "%>%" 
"lapply" "extract_rows" "[[.indexed_df" "[[" "<Anonymous>" ".Call" "loop_apply" "llply" "ldply" "plyr::ddply" "function_list[[i]]" "freduce" "_fseq" "eval" "eval" "withVisible" "%>%" 
"length" "length" "dim.data.frame" "dim" "dim" "ncol" "extract_rows" "[[.indexed_df" "[[" "<Anonymous>" ".Call" "loop_apply" "llply" "ldply" "plyr::ddply" "function_list[[i]]" "freduce" "_fseq" "eval" "eval" "withVisible" "%>%" 
"[[" "extract_rows" "[[.indexed_df" "[[" "<Anonymous>" ".Call" "loop_apply" "llply" "ldply" "plyr::ddply" "function_list[[i]]" "freduce" "_fseq" "eval" "eval" "withVisible" "%>%" 
"ncol" "extract_rows" "[[.indexed_df" "[[" "<Anonymous>" ".Call" "loop_apply" "llply" "ldply" "plyr::ddply" "function_list[[i]]" "freduce" "_fseq" "eval" "eval" "withVisible" "%>%" 
"paste" "make_names" "quickdf" ".fun" "<Anonymous>" ".Call" "loop_apply" "llply" "ldply" "plyr::ddply" "function_list[[i]]" "freduce" "_fseq" "eval" "eval" "withVisible" "%>%" 
"length" "length" "dim.data.frame" "dim" "dim" "ncol" "extract_rows" "[[.indexed_df" "[[" "<Anonymous>" ".Call" "loop_apply" "llply" "ldply" "plyr::ddply" "function_list[[i]]" "freduce" "_fseq" "eval" "eval" "withVisible" "%>%" 
"FUN" "lapply" "extract_rows" "[[.indexed_df" "[[" "<Anonymous>" ".Call" "loop_apply" "llply" "ldply" "plyr::ddply" "function_list[[i]]" "freduce" "_fseq" "eval" "eval" "withVisible" "%>%" 
"dim.data.frame" "dim" "dim" "ncol" "extract_rows" "[[.indexed_df" "[[" "<Anonymous>" ".Call" "loop_apply" "llply" "ldply" "plyr::ddply" "function_list[[i]]" "freduce" "_fseq" "eval" "eval" "withVisible" "%>%" 
"eval" ".fun" "<Anonymous>" ".Call" "loop_apply" "llply" "ldply" "plyr::ddply" "function_list[[i]]" "freduce" "_fseq" "eval" "eval" "withVisible" "%>%" 
".subset2" "FUN" "lapply" "extract_rows" "[[.indexed_df" "[[" "<Anonymous>" ".Call" "loop_apply" "llply" "ldply" "plyr::ddply" "function_list[[i]]" "freduce" "_fseq" "eval" "eval" "withVisible" "%>%" 
"FUN" "lapply" "extract_rows" "[[.indexed_df" "[[" "<Anonymous>" ".Call" "loop_apply" "llply" "ldply" "plyr::ddply" "function_list[[i]]" "freduce" "_fseq" "eval" "eval" "withVisible" "%>%" 
"as.list" ".fun" "<Anonymous>" ".Call" "loop_apply" "llply" "ldply" "plyr::ddply" "function_list[[i]]" "freduce" "_fseq" "eval" "eval" "withVisible" "%>%" 
".fun" "<Anonymous>" ".Call" "loop_apply" "llply" "ldply" "plyr::ddply" "function_list[[i]]" "freduce" "_fseq" "eval" "eval" "withVisible" "%>%" 
"FUN" "lapply" "extract_rows" "[[.indexed_df" "[[" "<Anonymous>" ".Call" "loop_apply" "llply" "ldply" "plyr::ddply" "function_list[[i]]" "freduce" "_fseq" "eval" "eval" "withVisible" "%>%" 
"unlist" "unique" "quickdf" ".fun" "<Anonymous>" ".Call" "loop_apply" "llply" "ldply" "plyr::ddply" "function_list[[i]]" "freduce" "_fseq" "eval" "eval" "withVisible" "%>%" 
"extract_rows" "[[.indexed_df" "[[" "<Anonymous>" ".Call" "loop_apply" "llply" "ldply" "plyr::ddply" "function_list[[i]]" "freduce" "_fseq" "eval" "eval" "withVisible" "%>%" 
"FUN" "lapply" "extract_rows" "[[.indexed_df" "[[" "<Anonymous>" ".Call" "loop_apply" "llply" "ldply" "plyr::ddply" "function_list[[i]]" "freduce" "_fseq" "eval" "eval" "withVisible" "%>%" 
"[[" "extract_rows" "[[.indexed_df" "[[" "<Anonymous>" ".Call" "loop_apply" "llply" "ldply" "plyr::ddply" "function_list[[i]]" "freduce" "_fseq" "eval" "eval" "withVisible" "%>%" 
"lapply" "unlist" "unique" "quickdf" ".fun" "<Anonymous>" ".Call" "loop_apply" "llply" "ldply" "plyr::ddply" "function_list[[i]]" "freduce" "_fseq" "eval" "eval" "withVisible" "%>%" 
"FUN" "lapply" "extract_rows" "[[.indexed_df" "[[" "<Anonymous>" ".Call" "loop_apply" "llply" "ldply" "plyr::ddply" "function_list[[i]]" "freduce" "_fseq" "eval" "eval" "withVisible" "%>%" 
"$" "is.data.frame" "extract_rows" "[[.indexed_df" "[[" "<Anonymous>" ".Call" "loop_apply" "llply" "ldply" "plyr::ddply" "function_list[[i]]" "freduce" "_fseq" "eval" "eval" "withVisible" "%>%" 
"quickdf" ".fun" "<Anonymous>" ".Call" "loop_apply" "llply" "ldply" "plyr::ddply" "function_list[[i]]" "freduce" "_fseq" "eval" "eval" "withVisible" "%>%" 
"match.call" "stopifnot" "quickdf" ".fun" "<Anonymous>" ".Call" "loop_apply" "llply" "ldply" "plyr::ddply" "function_list[[i]]" "freduce" "_fseq" "eval" "eval" "withVisible" "%>%" 
".subset" "FUN" "lapply" "extract_rows" "[[.indexed_df" "[[" "<Anonymous>" ".Call" "loop_apply" "llply" "ldply" "plyr::ddply" "function_list[[i]]" "freduce" "_fseq" "eval" "eval" "withVisible" "%>%" 
"stopifnot" "quickdf" ".fun" "<Anonymous>" ".Call" "loop_apply" "llply" "ldply" "plyr::ddply" "function_list[[i]]" "freduce" "_fseq" "eval" "eval" "withVisible" "%>%" 
"lapply" "unlist" "unique" "quickdf" ".fun" "<Anonymous>" ".Call" "loop_apply" "llply" "ldply" "plyr::ddply" "function_list[[i]]" "freduce" "_fseq" "eval" "eval" "withVisible" "%>%" 
"is.data.frame" "extract_rows" "[[.indexed_df" "[[" "<Anonymous>" ".Call" "loop_apply" "llply" "ldply" "plyr::ddply" "function_list[[i]]" "freduce" "_fseq" "eval" "eval" "withVisible" "%>%" 
"anyNA" "stopifnot" ".fun" "<Anonymous>" ".Call" "loop_apply" "llply" "ldply" "plyr::ddply" "function_list[[i]]" "freduce" "_fseq" "eval" "eval" "withVisible" "%>%" 
"extract_rows" "[[.indexed_df" "[[" "<Anonymous>" ".Call" "loop_apply" "llply" "ldply" "plyr::ddply" "function_list[[i]]" "freduce" "_fseq" "eval" "eval" "withVisible" "%>%" 
"stopifnot" ".fun" "<Anonymous>" ".Call" "loop_apply" "llply" "ldply" "plyr::ddply" "function_list[[i]]" "freduce" "_fseq" "eval" "eval" "withVisible" "%>%" 
"lapply" "unlist" "unique" "quickdf" ".fun" "<Anonymous>" ".Call" "loop_apply" "llply" "ldply" "plyr::ddply" "function_list[[i]]" "freduce" "_fseq" "eval" "eval" "withVisible" "%>%" 
"extract_rows" "[[.indexed_df" "[[" "<Anonymous>" ".Call" "loop_apply" "llply" "ldply" "plyr::ddply" "function_list[[i]]" "freduce" "_fseq" "eval" "eval" "withVisible" "%>%" 
"[[" "<Anonymous>" ".Call" "loop_apply" "llply" "ldply" "plyr::ddply" "function_list[[i]]" "freduce" "_fseq" "eval" "eval" "withVisible" "%>%" 
"lapply" "unlist" "unique" "quickdf" ".fun" "<Anonymous>" ".Call" "loop_apply" "llply" "ldply" "plyr::ddply" "function_list[[i]]" "freduce" "_fseq" "eval" "eval" "withVisible" "%>%" 
"unique" "quickdf" ".fun" "<Anonymous>" ".Call" "loop_apply" "llply" "ldply" "plyr::ddply" "function_list[[i]]" "freduce" "_fseq" "eval" "eval" "withVisible" "%>%" 
"<Anonymous>" "[[.data.frame" "[[" "extract_rows" "[[.indexed_df" "[[" "<Anonymous>" ".Call" "loop_apply" "llply" "ldply" "plyr::ddply" "function_list[[i]]" "freduce" "_fseq" "eval" "eval" "withVisible" "%>%" 
"as.list" ".fun" "<Anonymous>" ".Call" "loop_apply" "llply" "ldply" "plyr::ddply" "function_list[[i]]" "freduce" "_fseq" "eval" "eval" "withVisible" "%>%" 
"quickdf" ".fun" "<Anonymous>" ".Call" "loop_apply" "llply" "ldply" "plyr::ddply" "function_list[[i]]" "freduce" "_fseq" "eval" "eval" "withVisible" "%>%" 
"[[.indexed_df" "[[" "<Anonymous>" ".Call" "loop_apply" "llply" "ldply" "plyr::ddply" "function_list[[i]]" "freduce" "_fseq" "eval" "eval" "withVisible" "%>%" 
"c" "quickdf" ".fun" "<Anonymous>" ".Call" "loop_apply" "llply" "ldply" "plyr::ddply" "function_list[[i]]" "freduce" "_fseq" "eval" "eval" "withVisible" "%>%" 
"attr<-" "extract_rows" "[[.indexed_df" "[[" "<Anonymous>" ".Call" "loop_apply" "llply" "ldply" "plyr::ddply" "function_list[[i]]" "freduce" "_fseq" "eval" "eval" "withVisible" "%>%" 
"unique.default" "unique" "quickdf" ".fun" "<Anonymous>" ".Call" "loop_apply" "llply" "ldply" "plyr::ddply" "function_list[[i]]" "freduce" "_fseq" "eval" "eval" "withVisible" "%>%" 
"%in%" "[[.data.frame" "[[" "extract_rows" "[[.indexed_df" "[[" "<Anonymous>" ".Call" "loop_apply" "llply" "ldply" "plyr::ddply" "function_list[[i]]" "freduce" "_fseq" "eval" "eval" "withVisible" "%>%" 
".subset" "FUN" "lapply" "extract_rows" "[[.indexed_df" "[[" "<Anonymous>" ".Call" "loop_apply" "llply" "ldply" "plyr::ddply" "function_list[[i]]" "freduce" "_fseq" "eval" "eval" "withVisible" "%>%" 
"eval" ".fun" "<Anonymous>" ".Call" "loop_apply" "llply" "ldply" "plyr::ddply" "function_list[[i]]" "freduce" "_fseq" "eval" "eval" "withVisible" "%>%" 
"as.list" ".fun" "<Anonymous>" ".Call" "loop_apply" "llply" "ldply" "plyr::ddply" "function_list[[i]]" "freduce" "_fseq" "eval" "eval" "withVisible" "%>%" 
"make_names" "quickdf" ".fun" "<Anonymous>" ".Call" "loop_apply" "llply" "ldply" "plyr::ddply" "function_list[[i]]" "freduce" "_fseq" "eval" "eval" "withVisible" "%>%" 
".subset2" "FUN" "lapply" "extract_rows" "[[.indexed_df" "[[" "<Anonymous>" ".Call" "loop_apply" "llply" "ldply" "plyr::ddply" "function_list[[i]]" "freduce" "_fseq" "eval" "eval" "withVisible" "%>%" 
"$" "FUN" "lapply" "extract_rows" "[[.indexed_df" "[[" "<Anonymous>" ".Call" "loop_apply" "llply" "ldply" "plyr::ddply" "function_list[[i]]" "freduce" "_fseq" "eval" "eval" "withVisible" "%>%" 
"make_names" "quickdf" ".fun" "<Anonymous>" ".Call" "loop_apply" "llply" "ldply" "plyr::ddply" "function_list[[i]]" "freduce" "_fseq" "eval" "eval" "withVisible" "%>%" 
"inherits" "FUN" "lapply" "extract_rows" "[[.indexed_df" "[[" "<Anonymous>" ".Call" "loop_apply" "llply" "ldply" "plyr::ddply" "function_list[[i]]" "freduce" "_fseq" "eval" "eval" "withVisible" "%>%" 
"FUN" "lapply" "extract_rows" "[[.indexed_df" "[[" "<Anonymous>" ".Call" "loop_apply" "llply" "ldply" "plyr::ddply" "function_list[[i]]" "freduce" "_fseq" "eval" "eval" "withVisible" "%>%" 
"lapply" "extract_rows" "[[.indexed_df" "[[" "<Anonymous>" ".Call" "loop_apply" "llply" "ldply" "plyr::ddply" "function_list[[i]]" "freduce" "_fseq" "eval" "eval" "withVisible" "%>%" 
".subset" "FUN" "lapply" "extract_rows" "[[.indexed_df" "[[" "<Anonymous>" ".Call" "loop_apply" "llply" "ldply" "plyr::ddply" "function_list[[i]]" "freduce" "_fseq" "eval" "eval" "withVisible" "%>%" 
"as.list.default" "as.list" ".fun" "<Anonymous>" ".Call" "loop_apply" "llply" "ldply" "plyr::ddply" "function_list[[i]]" "freduce" "_fseq" "eval" "eval" "withVisible" "%>%" 
"sys.call" "match.call" "stopifnot" ".fun" "<Anonymous>" ".Call" "loop_apply" "llply" "ldply" "plyr::ddply" "function_list[[i]]" "freduce" "_fseq" "eval" "eval" "withVisible" "%>%" 
"names" "names" "extract_rows" "[[.indexed_df" "[[" "<Anonymous>" ".Call" "loop_apply" "llply" "ldply" "plyr::ddply" "function_list[[i]]" "freduce" "_fseq" "eval" "eval" "withVisible" "%>%" 
"extract_rows" "[[.indexed_df" "[[" "<Anonymous>" ".Call" "loop_apply" "llply" "ldply" "plyr::ddply" "function_list[[i]]" "freduce" "_fseq" "eval" "eval" "withVisible" "%>%" 
"unique" "quickdf" ".fun" "<Anonymous>" ".Call" "loop_apply" "llply" "ldply" "plyr::ddply" "function_list[[i]]" "freduce" "_fseq" "eval" "eval" "withVisible" "%>%" 
"make_names" "quickdf" ".fun" "<Anonymous>" ".Call" "loop_apply" "llply" "ldply" "plyr::ddply" "function_list[[i]]" "freduce" "_fseq" "eval" "eval" "withVisible" "%>%" 
"attr" "FUN" "lapply" "extract_rows" "[[.indexed_df" "[[" "<Anonymous>" ".Call" "loop_apply" "llply" "ldply" "plyr::ddply" "function_list[[i]]" "freduce" "_fseq" "eval" "eval" "withVisible" "%>%" 
"attr<-" "[[.indexed_df" "[[" "<Anonymous>" ".Call" "loop_apply" "llply" "ldply" "plyr::ddply" "function_list[[i]]" "freduce" "_fseq" "eval" "eval" "withVisible" "%>%" 
"unique.default" "unique" "quickdf" ".fun" "<Anonymous>" ".Call" "loop_apply" "llply" "ldply" "plyr::ddply" "function_list[[i]]" "freduce" "_fseq" "eval" "eval" "withVisible" "%>%" 
".fun" "<Anonymous>" ".Call" "loop_apply" "llply" "ldply" "plyr::ddply" "function_list[[i]]" "freduce" "_fseq" "eval" "eval" "withVisible" "%>%" 
"extract_rows" "[[.indexed_df" "[[" "<Anonymous>" ".Call" "loop_apply" "llply" "ldply" "plyr::ddply" "function_list[[i]]" "freduce" "_fseq" "eval" "eval" "withVisible" "%>%" 
"lapply" "extract_rows" "[[.indexed_df" "[[" "<Anonymous>" ".Call" "loop_apply" "llply" "ldply" "plyr::ddply" "function_list[[i]]" "freduce" "_fseq" "eval" "eval" "withVisible" "%>%" 
"attr" "FUN" "lapply" "extract_rows" "[[.indexed_df" "[[" "<Anonymous>" ".Call" "loop_apply" "llply" "ldply" "plyr::ddply" "function_list[[i]]" "freduce" "_fseq" "eval" "eval" "withVisible" "%>%" 
"make_names" "quickdf" ".fun" "<Anonymous>" ".Call" "loop_apply" "llply" "ldply" "plyr::ddply" "function_list[[i]]" "freduce" "_fseq" "eval" "eval" "withVisible" "%>%" 
"lapply" "extract_rows" "[[.indexed_df" "[[" "<Anonymous>" ".Call" "loop_apply" "llply" "ldply" "plyr::ddply" "function_list[[i]]" "freduce" "_fseq" "eval" "eval" "withVisible" "%>%" 
"as.list.default" "as.list" ".fun" "<Anonymous>" ".Call" "loop_apply" "llply" "ldply" "plyr::ddply" "function_list[[i]]" "freduce" "_fseq" "eval" "eval" "withVisible" "%>%" 
"match.call" "stopifnot" ".fun" "<Anonymous>" ".Call" "loop_apply" "llply" "ldply" "plyr::ddply" "function_list[[i]]" "freduce" "_fseq" "eval" "eval" "withVisible" "%>%" 
"$" "[[.indexed_df" "[[" "<Anonymous>" ".Call" "loop_apply" "llply" "ldply" "plyr::ddply" "function_list[[i]]" "freduce" "_fseq" "eval" "eval" "withVisible" "%>%" 
"FUN" "lapply" "extract_rows" "[[.indexed_df" "[[" "<Anonymous>" ".Call" "loop_apply" "llply" "ldply" "plyr::ddply" "function_list[[i]]" "freduce" "_fseq" "eval" "eval" "withVisible" "%>%" 
"lapply" "extract_rows" "[[.indexed_df" "[[" "<Anonymous>" ".Call" "loop_apply" "llply" "ldply" "plyr::ddply" "function_list[[i]]" "freduce" "_fseq" "eval" "eval" "withVisible" "%>%" 
"[[" "<Anonymous>" ".Call" "loop_apply" "llply" "ldply" "plyr::ddply" "function_list[[i]]" "freduce" "_fseq" "eval" "eval" "withVisible" "%>%" 
"lapply" "unlist" "unique" "quickdf" ".fun" "<Anonymous>" ".Call" "loop_apply" "llply" "ldply" "plyr::ddply" "function_list[[i]]" "freduce" "_fseq" "eval" "eval" "withVisible" "%>%" 
"[[" "<Anonymous>" ".Call" "loop_apply" "llply" "ldply" "plyr::ddply" "function_list[[i]]" "freduce" "_fseq" "eval" "eval" "withVisible" "%>%" 
"as.list" ".fun" "<Anonymous>" ".Call" "loop_apply" "llply" "ldply" "plyr::ddply" "function_list[[i]]" "freduce" "_fseq" "eval" "eval" "withVisible" "%>%" 
"paste" "make_names" "quickdf" ".fun" "<Anonymous>" ".Call" "loop_apply" "llply" "ldply" "plyr::ddply" "function_list[[i]]" "freduce" "_fseq" "eval" "eval" "withVisible" "%>%" 
"FUN" "lapply" "extract_rows" "[[.indexed_df" "[[" "<Anonymous>" ".Call" "loop_apply" "llply" "ldply" "plyr::ddply" "function_list[[i]]" "freduce" "_fseq" "eval" "eval" "withVisible" "%>%" 
"length" "length" "dim.data.frame" "dim" "dim" "ncol" "extract_rows" "[[.indexed_df" "[[" "<Anonymous>" ".Call" "loop_apply" "llply" "ldply" "plyr::ddply" "function_list[[i]]" "freduce" "_fseq" "eval" "eval" "withVisible" "%>%" 
"make_names" "quickdf" ".fun" "<Anonymous>" ".Call" "loop_apply" "llply" "ldply" "plyr::ddply" "function_list[[i]]" "freduce" "_fseq" "eval" "eval" "withVisible" "%>%" 
"eval" ".fun" "<Anonymous>" ".Call" "loop_apply" "llply" "ldply" "plyr::ddply" "function_list[[i]]" "freduce" "_fseq" "eval" "eval" "withVisible" "%>%" 
"unique" "quickdf" ".fun" "<Anonymous>" ".Call" "loop_apply" "llply" "ldply" "plyr::ddply" "function_list[[i]]" "freduce" "_fseq" "eval" "eval" "withVisible" "%>%" 
"lapply" "extract_rows" "[[.indexed_df" "[[" "<Anonymous>" ".Call" "loop_apply" "llply" "ldply" "plyr::ddply" "function_list[[i]]" "freduce" "_fseq" "eval" "eval" "withVisible" "%>%" 
"extract_rows" "[[.indexed_df" "[[" "<Anonymous>" ".Call" "loop_apply" "llply" "ldply" "plyr::ddply" "function_list[[i]]" "freduce" "_fseq" "eval" "eval" "withVisible" "%>%" 
"sys.call" "match.call" "stopifnot" ".fun" "<Anonymous>" ".Call" "loop_apply" "llply" "ldply" "plyr::ddply" "function_list[[i]]" "freduce" "_fseq" "eval" "eval" "withVisible" "%>%" 
"stopifnot" "quickdf" ".fun" "<Anonymous>" ".Call" "loop_apply" "llply" "ldply" "plyr::ddply" "function_list[[i]]" "freduce" "_fseq" "eval" "eval" "withVisible" "%>%" 
"FUN" "lapply" "extract_rows" "[[.indexed_df" "[[" "<Anonymous>" ".Call" "loop_apply" "llply" "ldply" "plyr::ddply" "function_list[[i]]" "freduce" "_fseq" "eval" "eval" "withVisible" "%>%" 
"stopifnot" "quickdf" ".fun" "<Anonymous>" ".Call" "loop_apply" "llply" "ldply" "plyr::ddply" "function_list[[i]]" "freduce" "_fseq" "eval" "eval" "withVisible" "%>%" 
"FUN" "lapply" "extract_rows" "[[.indexed_df" "[[" "<Anonymous>" ".Call" "loop_apply" "llply" "ldply" "plyr::ddply" "function_list[[i]]" "freduce" "_fseq" "eval" "eval" "withVisible" "%>%" 
"as.list" ".fun" "<Anonymous>" ".Call" "loop_apply" "llply" "ldply" "plyr::ddply" "function_list[[i]]" "freduce" "_fseq" "eval" "eval" "withVisible" "%>%" 
"length" "length" "dim.data.frame" "dim" "dim" "ncol" "extract_rows" "[[.indexed_df" "[[" "<Anonymous>" ".Call" "loop_apply" "llply" "ldply" "plyr::ddply" "function_list[[i]]" "freduce" "_fseq" "eval" "eval" "withVisible" "%>%" 
"FUN" "lapply" "extract_rows" "[[.indexed_df" "[[" "<Anonymous>" ".Call" "loop_apply" "llply" "ldply" "plyr::ddply" "function_list[[i]]" "freduce" "_fseq" "eval" "eval" "withVisible" "%>%" 
".row_names_info" "dim.data.frame" "dim" "dim" "ncol" "extract_rows" "[[.indexed_df" "[[" "<Anonymous>" ".Call" "loop_apply" "llply" "ldply" "plyr::ddply" "function_list[[i]]" "freduce" "_fseq" "eval" "eval" "withVisible" "%>%" 
"match.call" "stopifnot" "quickdf" ".fun" "<Anonymous>" ".Call" "loop_apply" "llply" "ldply" "plyr::ddply" "function_list[[i]]" "freduce" "_fseq" "eval" "eval" "withVisible" "%>%" 
"eval" ".fun" "<Anonymous>" ".Call" "loop_apply" "llply" "ldply" "plyr::ddply" "function_list[[i]]" "freduce" "_fseq" "eval" "eval" "withVisible" "%>%" 
"attributes<-" "FUN" "lapply" "extract_rows" "[[.indexed_df" "[[" "<Anonymous>" ".Call" "loop_apply" "llply" "ldply" "plyr::ddply" "function_list[[i]]" "freduce" "_fseq" "eval" "eval" "withVisible" "%>%" 
"<Anonymous>" "[[.data.frame" "[[" "extract_rows" "[[.indexed_df" "[[" "<Anonymous>" ".Call" "loop_apply" "llply" "ldply" "plyr::ddply" "function_list[[i]]" "freduce" "_fseq" "eval" "eval" "withVisible" "%>%" 
"FUN" "lapply" "extract_rows" "[[.indexed_df" "[[" "<Anonymous>" ".Call" "loop_apply" "llply" "ldply" "plyr::ddply" "function_list[[i]]" "freduce" "_fseq" "eval" "eval" "withVisible" "%>%" 
"is.null" "FUN" "lapply" "extract_rows" "[[.indexed_df" "[[" "<Anonymous>" ".Call" "loop_apply" "llply" "ldply" "plyr::ddply" "function_list[[i]]" "freduce" "_fseq" "eval" "eval" "withVisible" "%>%" 
"quickdf" ".fun" "<Anonymous>" ".Call" "loop_apply" "llply" "ldply" "plyr::ddply" "function_list[[i]]" "freduce" "_fseq" "eval" "eval" "withVisible" "%>%" 
".subset" "FUN" "lapply" "extract_rows" "[[.indexed_df" "[[" "<Anonymous>" ".Call" "loop_apply" "llply" "ldply" "plyr::ddply" "function_list[[i]]" "freduce" "_fseq" "eval" "eval" "withVisible" "%>%" 
"eval" "eval" ".fun" "<Anonymous>" ".Call" "loop_apply" "llply" "ldply" "plyr::ddply" "function_list[[i]]" "freduce" "_fseq" "eval" "eval" "withVisible" "%>%" 
"as.list.data.frame" "as.list" ".fun" "<Anonymous>" ".Call" "loop_apply" "llply" "ldply" "plyr::ddply" "function_list[[i]]" "freduce" "_fseq" "eval" "eval" "withVisible" "%>%" 
"extract_rows" "[[.indexed_df" "[[" "<Anonymous>" ".Call" "loop_apply" "llply" "ldply" "plyr::ddply" "function_list[[i]]" "freduce" "_fseq" "eval" "eval" "withVisible" "%>%" 
"FUN" "lapply" "extract_rows" "[[.indexed_df" "[[" "<Anonymous>" ".Call" "loop_apply" "llply" "ldply" "plyr::ddply" "function_list[[i]]" "freduce" "_fseq" "eval" "eval" "withVisible" "%>%" 
"unique.default" "unique" "quickdf" ".fun" "<Anonymous>" ".Call" "loop_apply" "llply" "ldply" "plyr::ddply" "function_list[[i]]" "freduce" "_fseq" "eval" "eval" "withVisible" "%>%" 
"eval" ".fun" "<Anonymous>" ".Call" "loop_apply" "llply" "ldply" "plyr::ddply" "function_list[[i]]" "freduce" "_fseq" "eval" "eval" "withVisible" "%>%" 
"FUN" "lapply" "extract_rows" "[[.indexed_df" "[[" "<Anonymous>" ".Call" "loop_apply" "llply" "ldply" "plyr::ddply" "function_list[[i]]" "freduce" "_fseq" "eval" "eval" "withVisible" "%>%" 
"c" "extract_rows" "[[.indexed_df" "[[" "<Anonymous>" ".Call" "loop_apply" "llply" "ldply" "plyr::ddply" "function_list[[i]]" "freduce" "_fseq" "eval" "eval" "withVisible" "%>%" 
"!" "extract_rows" "[[.indexed_df" "[[" "<Anonymous>" ".Call" "loop_apply" "llply" "ldply" "plyr::ddply" "function_list[[i]]" "freduce" "_fseq" "eval" "eval" "withVisible" "%>%" 
"$" "[[.indexed_df" "[[" "<Anonymous>" ".Call" "loop_apply" "llply" "ldply" "plyr::ddply" "function_list[[i]]" "freduce" "_fseq" "eval" "eval" "withVisible" "%>%" 
"FUN" "lapply" "extract_rows" "[[.indexed_df" "[[" "<Anonymous>" ".Call" "loop_apply" "llply" "ldply" "plyr::ddply" "function_list[[i]]" "freduce" "_fseq" "eval" "eval" "withVisible" "%>%" 
"sys.parent" "sys.call" "match.call" "stopifnot" "quickdf" ".fun" "<Anonymous>" ".Call" "loop_apply" "llply" "ldply" "plyr::ddply" "function_list[[i]]" "freduce" "_fseq" "eval" "eval" "withVisible" "%>%" 
"attributes" "FUN" "lapply" "extract_rows" "[[.indexed_df" "[[" "<Anonymous>" ".Call" "loop_apply" "llply" "ldply" "plyr::ddply" "function_list[[i]]" "freduce" "_fseq" "eval" "eval" "withVisible" "%>%" 
"FUN" "lapply" "extract_rows" "[[.indexed_df" "[[" "<Anonymous>" ".Call" "loop_apply" "llply" "ldply" "plyr::ddply" "function_list[[i]]" "freduce" "_fseq" "eval" "eval" "withVisible" "%>%" 
"sys.call" "match.call" "stopifnot" ".fun" "<Anonymous>" ".Call" "loop_apply" "llply" "ldply" "plyr::ddply" "function_list[[i]]" "freduce" "_fseq" "eval" "eval" "withVisible" "%>%" 
"FUN" "lapply" "extract_rows" "[[.indexed_df" "[[" "<Anonymous>" ".Call" "loop_apply" "llply" "ldply" "plyr::ddply" "function_list[[i]]" "freduce" "_fseq" "eval" "eval" "withVisible" "%>%" 
"dim" "dim" "ncol" "extract_rows" "[[.indexed_df" "[[" "<Anonymous>" ".Call" "loop_apply" "llply" "ldply" "plyr::ddply" "function_list[[i]]" "freduce" "_fseq" "eval" "eval" "withVisible" "%>%" 
"[[" "<Anonymous>" ".Call" "loop_apply" "llply" "ldply" "plyr::ddply" "function_list[[i]]" "freduce" "_fseq" "eval" "eval" "withVisible" "%>%" 
"$" "[[.indexed_df" "[[" "<Anonymous>" ".Call" "loop_apply" "llply" "ldply" "plyr::ddply" "function_list[[i]]" "freduce" "_fseq" "eval" "eval" "withVisible" "%>%" 
"extract_rows" "[[.indexed_df" "[[" "<Anonymous>" ".Call" "loop_apply" "llply" "ldply" "plyr::ddply" "function_list[[i]]" "freduce" "_fseq" "eval" "eval" "withVisible" "%>%" 
".fun" "<Anonymous>" ".Call" "loop_apply" "llply" "ldply" "plyr::ddply" "function_list[[i]]" "freduce" "_fseq" "eval" "eval" "withVisible" "%>%" 
"match.call" "stopifnot" ".fun" "<Anonymous>" ".Call" "loop_apply" "llply" "ldply" "plyr::ddply" "function_list[[i]]" "freduce" "_fseq" "eval" "eval" "withVisible" "%>%" 
"lapply" "unlist" "unique" "quickdf" ".fun" "<Anonymous>" ".Call" "loop_apply" "llply" "ldply" "plyr::ddply" "function_list[[i]]" "freduce" "_fseq" "eval" "eval" "withVisible" "%>%" 
"FUN" "lapply" "extract_rows" "[[.indexed_df" "[[" "<Anonymous>" ".Call" "loop_apply" "llply" "ldply" "plyr::ddply" "function_list[[i]]" "freduce" "_fseq" "eval" "eval" "withVisible" "%>%" 
"as.list" ".fun" "<Anonymous>" ".Call" "loop_apply" "llply" "ldply" "plyr::ddply" "function_list[[i]]" "freduce" "_fseq" "eval" "eval" "withVisible" "%>%" 
"FUN" "lapply" "extract_rows" "[[.indexed_df" "[[" "<Anonymous>" ".Call" "loop_apply" "llply" "ldply" "plyr::ddply" "function_list[[i]]" "freduce" "_fseq" "eval" "eval" "withVisible" "%>%" 
"is.data.frame" "stopifnot" ".fun" "<Anonymous>" ".Call" "loop_apply" "llply" "ldply" "plyr::ddply" "function_list[[i]]" "freduce" "_fseq" "eval" "eval" "withVisible" "%>%" 
"as.list.default" "as.list" ".fun" "<Anonymous>" ".Call" "loop_apply" "llply" "ldply" "plyr::ddply" "function_list[[i]]" "freduce" "_fseq" "eval" "eval" "withVisible" "%>%" 
"FUN" "lapply" "extract_rows" "[[.indexed_df" "[[" "<Anonymous>" ".Call" "loop_apply" "llply" "ldply" "plyr::ddply" "function_list[[i]]" "freduce" "_fseq" "eval" "eval" "withVisible" "%>%" 
"paste" "make_names" "quickdf" ".fun" "<Anonymous>" ".Call" "loop_apply" "llply" "ldply" "plyr::ddply" "function_list[[i]]" "freduce" "_fseq" "eval" "eval" "withVisible" "%>%" 
"FUN" "lapply" "extract_rows" "[[.indexed_df" "[[" "<Anonymous>" ".Call" "loop_apply" "llply" "ldply" "plyr::ddply" "function_list[[i]]" "freduce" "_fseq" "eval" "eval" "withVisible" "%>%" 
"lapply" "unlist" "unique" "quickdf" ".fun" "<Anonymous>" ".Call" "loop_apply" "llply" "ldply" "plyr::ddply" "function_list[[i]]" "freduce" "_fseq" "eval" "eval" "withVisible" "%>%" 
".fun" "<Anonymous>" ".Call" "loop_apply" "llply" "ldply" "plyr::ddply" "function_list[[i]]" "freduce" "_fseq" "eval" "eval" "withVisible" "%>%" 
".subset" "FUN" "lapply" "extract_rows" "[[.indexed_df" "[[" "<Anonymous>" ".Call" "loop_apply" "llply" "ldply" "plyr::ddply" "function_list[[i]]" "freduce" "_fseq" "eval" "eval" "withVisible" "%>%" 
"[[" "<Anonymous>" ".Call" "loop_apply" "llply" "ldply" "plyr::ddply" "function_list[[i]]" "freduce" "_fseq" "eval" "eval" "withVisible" "%>%" 
"attr" "FUN" "lapply" "extract_rows" "[[.indexed_df" "[[" "<Anonymous>" ".Call" "loop_apply" "llply" "ldply" "plyr::ddply" "function_list[[i]]" "freduce" "_fseq" "eval" "eval" "withVisible" "%>%" 
"as.list" ".fun" "<Anonymous>" ".Call" "loop_apply" "llply" "ldply" "plyr::ddply" "function_list[[i]]" "freduce" "_fseq" "eval" "eval" "withVisible" "%>%" 
"extract_rows" "[[.indexed_df" "[[" "<Anonymous>" ".Call" "loop_apply" "llply" "ldply" "plyr::ddply" "function_list[[i]]" "freduce" "_fseq" "eval" "eval" "withVisible" "%>%" 
"attributes<-" "FUN" "lapply" "extract_rows" "[[.indexed_df" "[[" "<Anonymous>" ".Call" "loop_apply" "llply" "ldply" "plyr::ddply" "function_list[[i]]" "freduce" "_fseq" "eval" "eval" "withVisible" "%>%" 
"as.list" ".fun" "<Anonymous>" ".Call" "loop_apply" "llply" "ldply" "plyr::ddply" "function_list[[i]]" "freduce" "_fseq" "eval" "eval" "withVisible" "%>%" 
"lapply" "extract_rows" "[[.indexed_df" "[[" "<Anonymous>" ".Call" "loop_apply" "llply" "ldply" "plyr::ddply" "function_list[[i]]" "freduce" "_fseq" "eval" "eval" "withVisible" "%>%" 
"is.data.frame" "stopifnot" ".fun" "<Anonymous>" ".Call" "loop_apply" "llply" "ldply" "plyr::ddply" "function_list[[i]]" "freduce" "_fseq" "eval" "eval" "withVisible" "%>%" 
"FUN" "lapply" "extract_rows" "[[.indexed_df" "[[" "<Anonymous>" ".Call" "loop_apply" "llply" "ldply" "plyr::ddply" "function_list[[i]]" "freduce" "_fseq" "eval" "eval" "withVisible" "%>%" 
"paste" "make_names" "quickdf" ".fun" "<Anonymous>" ".Call" "loop_apply" "llply" "ldply" "plyr::ddply" "function_list[[i]]" "freduce" "_fseq" "eval" "eval" "withVisible" "%>%" 
"$" "[[.indexed_df" "[[" "<Anonymous>" ".Call" "loop_apply" "llply" "ldply" "plyr::ddply" "function_list[[i]]" "freduce" "_fseq" "eval" "eval" "withVisible" "%>%" 
"unique" "quickdf" ".fun" "<Anonymous>" ".Call" "loop_apply" "llply" "ldply" "plyr::ddply" "function_list[[i]]" "freduce" "_fseq" "eval" "eval" "withVisible" "%>%" 
".subset" "FUN" "lapply" "extract_rows" "[[.indexed_df" "[[" "<Anonymous>" ".Call" "loop_apply" "llply" "ldply" "plyr::ddply" "function_list[[i]]" "freduce" "_fseq" "eval" "eval" "withVisible" "%>%" 
"[[" "<Anonymous>" ".Call" "loop_apply" "llply" "ldply" "plyr::ddply" "function_list[[i]]" "freduce" "_fseq" "eval" "eval" "withVisible" "%>%" 
"llply" "ldply" "plyr::ddply" "function_list[[i]]" "freduce" "_fseq" "eval" "eval" "withVisible" "%>%" 
"FUN" "lapply" "unlist" "list_to_dataframe" "ldply" "plyr::ddply" "function_list[[i]]" "freduce" "_fseq" "eval" "eval" "withVisible" "%>%" 
"lapply" "unlist" "list_to_dataframe" "ldply" "plyr::ddply" "function_list[[i]]" "freduce" "_fseq" "eval" "eval" "withVisible" "%>%" 
"lapply" "unlist" "list_to_dataframe" "ldply" "plyr::ddply" "function_list[[i]]" "freduce" "_fseq" "eval" "eval" "withVisible" "%>%" 
"lapply" "unlist" "list_to_dataframe" "ldply" "plyr::ddply" "function_list[[i]]" "freduce" "_fseq" "eval" "eval" "withVisible" "%>%" 
"FUN" "vapply" "rbind.fill" "list_to_dataframe" "ldply" "plyr::ddply" "function_list[[i]]" "freduce" "_fseq" "eval" "eval" "withVisible" "%>%" 
"FUN" "lapply" "unlist" "rbind.fill" "list_to_dataframe" "ldply" "plyr::ddply" "function_list[[i]]" "freduce" "_fseq" "eval" "eval" "withVisible" "%>%" 
"lapply" "unlist" "unique" "output_template" "rbind.fill" "list_to_dataframe" "ldply" "plyr::ddply" "function_list[[i]]" "freduce" "_fseq" "eval" "eval" "withVisible" "%>%" 
"FUN" "FUN" "lapply" "unlist" "unique" "output_template" "rbind.fill" "list_to_dataframe" "ldply" "plyr::ddply" "function_list[[i]]" "freduce" "_fseq" "eval" "eval" "withVisible" "%>%" 
"unlist" "unique" "output_template" "rbind.fill" "list_to_dataframe" "ldply" "plyr::ddply" "function_list[[i]]" "freduce" "_fseq" "eval" "eval" "withVisible" "%>%" 
"[[.data.frame" "[[" "eval" "eval" "setters[[var]]" "rbind.fill" "list_to_dataframe" "ldply" "plyr::ddply" "function_list[[i]]" "freduce" "_fseq" "eval" "eval" "withVisible" "%>%" 
"[[.data.frame" "[[" "eval" "eval" "setters[[var]]" "rbind.fill" "list_to_dataframe" "ldply" "plyr::ddply" "function_list[[i]]" "freduce" "_fseq" "eval" "eval" "withVisible" "%>%" 
"[[" "eval" "eval" "setters[[var]]" "rbind.fill" "list_to_dataframe" "ldply" "plyr::ddply" "function_list[[i]]" "freduce" "_fseq" "eval" "eval" "withVisible" "%>%" 
"as.vector" "seq.default" "seq" "rbind.fill" "list_to_dataframe" "ldply" "plyr::ddply" "function_list[[i]]" "freduce" "_fseq" "eval" "eval" "withVisible" "%>%" 
"rbind.fill" "list_to_dataframe" "ldply" "plyr::ddply" "function_list[[i]]" "freduce" "_fseq" "eval" "eval" "withVisible" "%>%" 
"eval" "eval" "setters[[var]]" "rbind.fill" "list_to_dataframe" "ldply" "plyr::ddply" "function_list[[i]]" "freduce" "_fseq" "eval" "eval" "withVisible" "%>%" 
"is.list" "eval" "setters[[var]]" "rbind.fill" "list_to_dataframe" "ldply" "plyr::ddply" "function_list[[i]]" "freduce" "_fseq" "eval" "eval" "withVisible" "%>%" 
"nargs" "seq.default" "seq" "rbind.fill" "list_to_dataframe" "ldply" "plyr::ddply" "function_list[[i]]" "freduce" "_fseq" "eval" "eval" "withVisible" "%>%" 
"setters[[var]]" "rbind.fill" "list_to_dataframe" "ldply" "plyr::ddply" "function_list[[i]]" "freduce" "_fseq" "eval" "eval" "withVisible" "%>%" 
"eval" "setters[[var]]" "rbind.fill" "list_to_dataframe" "ldply" "plyr::ddply" "function_list[[i]]" "freduce" "_fseq" "eval" "eval" "withVisible" "%>%" 
"names" "names" "rbind.fill" "list_to_dataframe" "ldply" "plyr::ddply" "function_list[[i]]" "freduce" "_fseq" "eval" "eval" "withVisible" "%>%" 
"seq.default" "seq" "rbind.fill" "list_to_dataframe" "ldply" "plyr::ddply" "function_list[[i]]" "freduce" "_fseq" "eval" "eval" "withVisible" "%>%" 
"seq.default" "seq" "rbind.fill" "list_to_dataframe" "ldply" "plyr::ddply" "function_list[[i]]" "freduce" "_fseq" "eval" "eval" "withVisible" "%>%" 
"seq.default" "seq" "rbind.fill" "list_to_dataframe" "ldply" "plyr::ddply" "function_list[[i]]" "freduce" "_fseq" "eval" "eval" "withVisible" "%>%" 
"seq.default" "seq" "rbind.fill" "list_to_dataframe" "ldply" "plyr::ddply" "function_list[[i]]" "freduce" "_fseq" "eval" "eval" "withVisible" "%>%" 
"rbind.fill" "list_to_dataframe" "ldply" "plyr::ddply" "function_list[[i]]" "freduce" "_fseq" "eval" "eval" "withVisible" "%>%" 
"setters[[var]]" "rbind.fill" "list_to_dataframe" "ldply" "plyr::ddply" "function_list[[i]]" "freduce" "_fseq" "eval" "eval" "withVisible" "%>%" 
".subset2" "<Anonymous>" "[[.data.frame" "[[" "eval" "eval" "setters[[var]]" "rbind.fill" "list_to_dataframe" "ldply" "plyr::ddply" "function_list[[i]]" "freduce" "_fseq" "eval" "eval" "withVisible" "%>%" 
"[[" "eval" "eval" "setters[[var]]" "rbind.fill" "list_to_dataframe" "ldply" "plyr::ddply" "function_list[[i]]" "freduce" "_fseq" "eval" "eval" "withVisible" "%>%" 
"eval" "eval" "setters[[var]]" "rbind.fill" "list_to_dataframe" "ldply" "plyr::ddply" "function_list[[i]]" "freduce" "_fseq" "eval" "eval" "withVisible" "%>%" 
"is.finite" "seq.default" "seq" "rbind.fill" "list_to_dataframe" "ldply" "plyr::ddply" "function_list[[i]]" "freduce" "_fseq" "eval" "eval" "withVisible" "%>%" 
"names" "rbind.fill" "list_to_dataframe" "ldply" "plyr::ddply" "function_list[[i]]" "freduce" "_fseq" "eval" "eval" "withVisible" "%>%" 
"eval" "setters[[var]]" "rbind.fill" "list_to_dataframe" "ldply" "plyr::ddply" "function_list[[i]]" "freduce" "_fseq" "eval" "eval" "withVisible" "%>%" 
"eval" "setters[[var]]" "rbind.fill" "list_to_dataframe" "ldply" "plyr::ddply" "function_list[[i]]" "freduce" "_fseq" "eval" "eval" "withVisible" "%>%" 
"[[" "eval" "eval" "setters[[var]]" "rbind.fill" "list_to_dataframe" "ldply" "plyr::ddply" "function_list[[i]]" "freduce" "_fseq" "eval" "eval" "withVisible" "%>%" 
"rbind.fill" "list_to_dataframe" "ldply" "plyr::ddply" "function_list[[i]]" "freduce" "_fseq" "eval" "eval" "withVisible" "%>%" 
"seq" "rbind.fill" "list_to_dataframe" "ldply" "plyr::ddply" "function_list[[i]]" "freduce" "_fseq" "eval" "eval" "withVisible" "%>%" 
".subset2" "<Anonymous>" "[[.data.frame" "[[" "eval" "eval" "setters[[var]]" "rbind.fill" "list_to_dataframe" "ldply" "plyr::ddply" "function_list[[i]]" "freduce" "_fseq" "eval" "eval" "withVisible" "%>%" 
"FUN" "lapply" "unlist" "list_to_dataframe" "ldply" "plyr::ddply" "function_list[[i]]" "freduce" "_fseq" "eval" "eval" "withVisible" "%>%" 
"dim" "FUN" "lapply" "unlist" "list_to_dataframe" "ldply" "plyr::ddply" "function_list[[i]]" "freduce" "_fseq" "eval" "eval" "withVisible" "%>%" 
"lapply" "unlist" "list_to_dataframe" "ldply" "plyr::ddply" "function_list[[i]]" "freduce" "_fseq" "eval" "eval" "withVisible" "%>%" 
"length" "length" "dim.data.frame" "dim" "dim" "FUN" "lapply" "unlist" "list_to_dataframe" "ldply" "plyr::ddply" "function_list[[i]]" "freduce" "_fseq" "eval" "eval" "withVisible" "%>%" 
"nzchar" "data.frame" "cbind" "cbind" "unrowname" "list_to_dataframe" "ldply" "plyr::ddply" "function_list[[i]]" "freduce" "_fseq" "eval" "eval" "withVisible" "%>%" 
